# JRE version: 7.0_04-b22
# Java VM: Java HotSpot(TM) 64-Bit Server VM (23.0-b21 mixed mode windows-amd64 compressed oops)
Heap
 PSYoungGen      total 18176K, used 18147K [0x00000000eaab0000, 0x00000000ece30000, 0x0000000000000000)
  eden space 15616K, 100% used [0x00000000eaab0000,0x00000000eb9f0000,0x00000000eb9f0000)
  from space 2560K, 98% used [0x00000000eb9f0000,0x00000000ebc68ea8,0x00000000ebc70000)
  to   space 2560K, 98% used [0x00000000ecbb0000,0x00000000ece28028,0x00000000ece30000)
 ParOldGen       total 41600K, used 2331K [0x00000000c0000000, 0x00000000c28a0000, 0x00000000eaab0000)
  object space 41600K, 5% used [0x00000000c0000000,0x00000000c0246c58,0x00000000c28a0000)
 PSPermGen       total 21248K, used 5806K [0x00000000bae00000, 0x00000000bc2c0000, 0x00000000c0000000)
  object space 21248K, 27% used [0x00000000bae00000,0x00000000bb3ab930,0x00000000bc2c0000)
GC Heap History (3 events):
Event: 1.793 GC heap before
{Heap before GC invocations=1 (full 0):
 PSYoungGen      total 18176K, used 15616K [0x00000000eaab0000, 0x00000000ebef0000, 0x0000000000000000)
  eden space 15616K, 100% used [0x00000000eaab0000,0x00000000eb9f0000,0x00000000eb9f0000)
  from space 2560K, 0% used [0x00000000ebc70000,0x00000000ebc70000,0x00000000ebef0000)
  to   space 2560K, 0% used [0x00000000eb9f0000,0x00000000eb9f0000,0x00000000ebc70000)
 ParOldGen       total 41600K, used 0K [0x00000000c0000000, 0x00000000c28a0000, 0x00000000eaab0000)
  object space 41600K, 0% used [0x00000000c0000000,0x00000000c0000000,0x00000000c28a0000)
 PSPermGen       total 21248K, used 5587K [0x00000000bae00000, 0x00000000bc2c0000, 0x00000000c0000000)
  object space 21248K, 26% used [0x00000000bae00000,0x00000000bb374eb8,0x00000000bc2c0000)
Event: 2.004 GC heap after
Heap after GC invocations=1 (full 0):
 PSYoungGen      total 18176K, used 2531K [0x00000000eaab0000, 0x00000000ece30000, 0x0000000000000000)
  eden space 15616K, 0% used [0x00000000eaab0000,0x00000000eaab0000,0x00000000eb9f0000)
  from space 2560K, 98% used [0x00000000eb9f0000,0x00000000ebc68ea8,0x00000000ebc70000)
  to   space 2560K, 0% used [0x00000000ecbb0000,0x00000000ecbb0000,0x00000000ece30000)
 ParOldGen       total 41600K, used 641K [0x00000000c0000000, 0x00000000c28a0000, 0x00000000eaab0000)
  object space 41600K, 1% used [0x00000000c0000000,0x00000000c00a0408,0x00000000c28a0000)
 PSPermGen       total 21248K, used 5587K [0x00000000bae00000, 0x00000000bc2c0000, 0x00000000c0000000)
  object space 21248K, 26% used [0x00000000bae00000,0x00000000bb374eb8,0x00000000bc2c0000)
}
Event: 3.903 GC heap before
{Heap before GC invocations=2 (full 0):
 PSYoungGen      total 18176K, used 18147K [0x00000000eaab0000, 0x00000000ece30000, 0x0000000000000000)
  eden space 15616K, 100% used [0x00000000eaab0000,0x00000000eb9f0000,0x00000000eb9f0000)
  from space 2560K, 98% used [0x00000000eb9f0000,0x00000000ebc68ea8,0x00000000ebc70000)
  to   space 2560K, 0% used [0x00000000ecbb0000,0x00000000ecbb0000,0x00000000ece30000)
 ParOldGen       total 41600K, used 641K [0x00000000c0000000, 0x00000000c28a0000, 0x00000000eaab0000)
  object space 41600K, 1% used [0x00000000c0000000,0x00000000c00a0408,0x00000000c28a0000)
 PSPermGen       total 21248K, used 5806K [0x00000000bae00000, 0x00000000bc2c0000, 0x00000000c0000000)
  object space 21248K, 27% used [0x00000000bae00000,0x00000000bb3ab930,0x00000000bc2c0000)

