# JRE version: 7.0_04-b22
# Java VM: Java HotSpot(TM) 64-Bit Server VM (23.0-b21 mixed mode windows-amd64 compressed oops)
Heap
 PSYoungGen      total 33792K, used 4818K [0x00000000eaab0000, 0x00000000eecb0000, 0x0000000000000000)
  eden space 31232K, 7% used [0x00000000eaab0000,0x00000000eace64d0,0x00000000ec930000)
  from space 2560K, 99% used [0x00000000ec930000,0x00000000ecbae430,0x00000000ecbb0000)
  to   space 2560K, 0% used [0x00000000eea30000,0x00000000eea30000,0x00000000eecb0000)
 ParOldGen       total 41600K, used 8109K [0x00000000c0000000, 0x00000000c28a0000, 0x00000000eaab0000)
  object space 41600K, 19% used [0x00000000c0000000,0x00000000c07eb7e0,0x00000000c28a0000)
 PSPermGen       total 21248K, used 5977K [0x00000000bae00000, 0x00000000bc2c0000, 0x00000000c0000000)
  object space 21248K, 28% used [0x00000000bae00000,0x00000000bb3d6520,0x00000000bc2c0000)
GC Heap History (6 events):
Event: 2.233 GC heap before
{Heap before GC invocations=1 (full 0):
 PSYoungGen      total 18176K, used 15616K [0x00000000eaab0000, 0x00000000ebef0000, 0x0000000000000000)
  eden space 15616K, 100% used [0x00000000eaab0000,0x00000000eb9f0000,0x00000000eb9f0000)
  from space 2560K, 0% used [0x00000000ebc70000,0x00000000ebc70000,0x00000000ebef0000)
  to   space 2560K, 0% used [0x00000000eb9f0000,0x00000000eb9f0000,0x00000000ebc70000)
 ParOldGen       total 41600K, used 0K [0x00000000c0000000, 0x00000000c28a0000, 0x00000000eaab0000)
  object space 41600K, 0% used [0x00000000c0000000,0x00000000c0000000,0x00000000c28a0000)
 PSPermGen       total 21248K, used 5652K [0x00000000bae00000, 0x00000000bc2c0000, 0x00000000c0000000)
  object space 21248K, 26% used [0x00000000bae00000,0x00000000bb3850f8,0x00000000bc2c0000)
Event: 2.416 GC heap after
Heap after GC invocations=1 (full 0):
 PSYoungGen      total 18176K, used 2533K [0x00000000eaab0000, 0x00000000ece30000, 0x0000000000000000)
  eden space 15616K, 0% used [0x00000000eaab0000,0x00000000eaab0000,0x00000000eb9f0000)
  from space 2560K, 98% used [0x00000000eb9f0000,0x00000000ebc69608,0x00000000ebc70000)
  to   space 2560K, 0% used [0x00000000ecbb0000,0x00000000ecbb0000,0x00000000ece30000)
 ParOldGen       total 41600K, used 1318K [0x00000000c0000000, 0x00000000c28a0000, 0x00000000eaab0000)
  object space 41600K, 3% used [0x00000000c0000000,0x00000000c0149908,0x00000000c28a0000)
 PSPermGen       total 21248K, used 5652K [0x00000000bae00000, 0x00000000bc2c0000, 0x00000000c0000000)
  object space 21248K, 26% used [0x00000000bae00000,0x00000000bb3850f8,0x00000000bc2c0000)
}
Event: 2.883 GC heap before
{Heap before GC invocations=2 (full 0):
 PSYoungGen      total 18176K, used 18149K [0x00000000eaab0000, 0x00000000ece30000, 0x0000000000000000)
  eden space 15616K, 100% used [0x00000000eaab0000,0x00000000eb9f0000,0x00000000eb9f0000)
  from space 2560K, 98% used [0x00000000eb9f0000,0x00000000ebc69608,0x00000000ebc70000)
  to   space 2560K, 0% used [0x00000000ecbb0000,0x00000000ecbb0000,0x00000000ece30000)
 ParOldGen       total 41600K, used 1318K [0x00000000c0000000, 0x00000000c28a0000, 0x00000000eaab0000)
  object space 41600K, 3% used [0x00000000c0000000,0x00000000c0149908,0x00000000c28a0000)
 PSPermGen       total 21248K, used 5895K [0x00000000bae00000, 0x00000000bc2c0000, 0x00000000c0000000)
  object space 21248K, 27% used [0x00000000bae00000,0x00000000bb3c1c70,0x00000000bc2c0000)
Event: 3.270 GC heap after
Heap after GC invocations=2 (full 0):
 PSYoungGen      total 33792K, used 2551K [0x00000000eaab0000, 0x00000000ece30000, 0x0000000000000000)
  eden space 31232K, 0% used [0x00000000eaab0000,0x00000000eaab0000,0x00000000ec930000)
  from space 2560K, 99% used [0x00000000ecbb0000,0x00000000ece2dc88,0x00000000ece30000)
  to   space 2560K, 0% used [0x00000000ec930000,0x00000000ec930000,0x00000000ecbb0000)
 ParOldGen       total 41600K, used 3214K [0x00000000c0000000, 0x00000000c28a0000, 0x00000000eaab0000)
  object space 41600K, 7% used [0x00000000c0000000,0x00000000c0323b48,0x00000000c28a0000)
 PSPermGen       total 21248K, used 5895K [0x00000000bae00000, 0x00000000bc2c0000, 0x00000000c0000000)
  object space 21248K, 27% used [0x00000000bae00000,0x00000000bb3c1c70,0x00000000bc2c0000)
}
Event: 5.066 GC heap before
{Heap before GC invocations=3 (full 0):
 PSYoungGen      total 33792K, used 33783K [0x00000000eaab0000, 0x00000000ece30000, 0x0000000000000000)
  eden space 31232K, 100% used [0x00000000eaab0000,0x00000000ec930000,0x00000000ec930000)
  from space 2560K, 99% used [0x00000000ecbb0000,0x00000000ece2dc88,0x00000000ece30000)
  to   space 2560K, 0% used [0x00000000ec930000,0x00000000ec930000,0x00000000ecbb0000)
 ParOldGen       total 41600K, used 3214K [0x00000000c0000000, 0x00000000c28a0000, 0x00000000eaab0000)
  object space 41600K, 7% used [0x00000000c0000000,0x00000000c0323b48,0x00000000c28a0000)
 PSPermGen       total 21248K, used 5976K [0x00000000bae00000, 0x00000000bc2c0000, 0x00000000c0000000)
  object space 21248K, 28% used [0x00000000bae00000,0x00000000bb3d6360,0x00000000bc2c0000)
Event: 5.388 GC heap after
Heap after GC invocations=3 (full 0):
 PSYoungGen      total 33792K, used 2553K [0x00000000eaab0000, 0x00000000eecb0000, 0x0000000000000000)
  eden space 31232K, 0% used [0x00000000eaab0000,0x00000000eaab0000,0x00000000ec930000)
  from space 2560K, 99% used [0x00000000ec930000,0x00000000ecbae430,0x00000000ecbb0000)
  to   space 2560K, 0% used [0x00000000eea30000,0x00000000eea30000,0x00000000eecb0000)
 ParOldGen       total 41600K, used 8109K [0x00000000c0000000, 0x00000000c28a0000, 0x00000000eaab0000)
  object space 41600K, 19% used [0x00000000c0000000,0x00000000c07eb7e0,0x00000000c28a0000)
 PSPermGen       total 21248K, used 5976K [0x00000000bae00000, 0x00000000bc2c0000, 0x00000000c0000000)
  object space 21248K, 28% used [0x00000000bae00000,0x00000000bb3d6360,0x00000000bc2c0000)
}

